[2025-10-09 17:57:58] HTTP: POST /api/jobs/send-email - - - - ms
[2025-10-09 18:02:49] INFO: ✅ Redis connected successfully
[2025-10-09 18:02:49] INFO: ✅ Application started successfully
[2025-10-09 18:04:00] HTTP: POST /api/jobs/send-email - - - - ms
[2025-10-09 18:09:36] INFO: ✅ Redis connected successfully
[2025-10-09 18:09:36] INFO: ✅ Application started successfully
[2025-10-09 18:12:12] INFO: ✅ Application started successfully
[2025-10-09 18:12:12] INFO: ✅ Redis connected successfully
[2025-10-09 18:15:18] INFO: ✅ Application started successfully
[2025-10-09 18:15:18] INFO: ✅ Redis connected successfully
[2025-10-09 18:15:58] HTTP: POST /api/jobs/send-email 200 94 - 144.940 ms
[2025-10-09 18:15:58] INFO: 📧 Sending email to: test@example.com | Subject: Hello
[2025-10-09 18:16:00] INFO: ✅ Email sent successfully to test@example.com
[2025-10-09 18:16:42] INFO: Fetching all porducts by geust
[2025-10-09 18:16:43] HTTP: GET /api/products 200 1797 - 898.237 ms
[2025-10-09 18:17:06] INFO: Fetching all porducts by geust
[2025-10-09 18:17:06] HTTP: GET /api/products 200 1797 - 207.152 ms
[2025-10-09 18:17:09] INFO: Fetching all porducts by geust
[2025-10-09 18:17:09] HTTP: GET /api/products 304 - - 58.076 ms
[2025-10-09 18:17:10] INFO: Fetching all porducts by geust
[2025-10-09 18:17:10] HTTP: GET /api/products 304 - - 152.278 ms
[2025-10-09 18:17:29] INFO: Fetching all porducts by geust
[2025-10-09 18:17:29] HTTP: GET /api/products 304 - - 170.993 ms
[2025-10-09 18:20:26] INFO: ✅ Application started successfully
[2025-10-09 18:20:26] INFO: ✅ Redis connected successfully
[2025-10-09 18:20:32] INFO: Fetching all porducts by geust
[2025-10-09 18:20:33] HTTP: GET /api/products 304 - - 412.971 ms
[2025-10-09 18:23:40] INFO: ✅ Application started successfully
[2025-10-09 18:23:40] INFO: ✅ Redis connected successfully
[2025-10-09 18:23:50] INFO: Fetching all porducts by geust
[2025-10-09 18:23:51] HTTP: GET /api/products 304 - - 440.466 ms
[2025-10-09 18:23:53] HTTP: GET /api/products 200 1734 - 5.911 ms
[2025-10-09 18:23:54] HTTP: GET /api/products 304 - - 4.074 ms
[2025-10-09 18:27:56] INFO: ✅ Application started successfully
[2025-10-09 18:27:56] INFO: ✅ Redis connected successfully
[2025-10-09 20:17:38] INFO: ✅ Application started successfully
[2025-10-09 20:17:38] INFO: ✅ Redis connected successfully
[2025-10-09 20:19:16] INFO: ✅ Application started successfully
[2025-10-09 20:19:16] INFO: ✅ Redis connected successfully
[2025-10-09 20:19:32] INFO: ✅ Application started successfully
[2025-10-09 20:19:32] INFO: ✅ Redis connected successfully
[2025-10-09 20:23:07] HTTP: POST /api/users/login 400 87 - 1782.746 ms
[2025-10-09 20:23:34] HTTP: POST /api/users/login 400 87 - 81.545 ms
[2025-10-09 20:25:01] HTTP: POST /api/users/login 200 589 - 166.160 ms
[2025-10-09 20:27:38] ERROR: 
Invalid `prisma.order.create()` invocation:

{
  data: {
    userId: 141,
    totalAmount: 280,
    paymentMethod: "credit_card",
                   ~~~~~~~~~~~~~
    items: {
      create: [
        {
          productId: 18,
          quantity: 2,
          price: new Prisma.Decimal("40")
        },
        {
          productId: 21,
          quantity: 1,
          price: new Prisma.Decimal("200")
        }
      ]
    }
  }
}

Invalid value for argument `paymentMethod`. Expected PaymentMethod. - POST /api/orders
[2025-10-09 20:27:38] HTTP: POST /api/orders 500 653 - 320.513 ms
[2025-10-09 20:30:08] INFO: 📨 Order confirmation job added for user undefined
[2025-10-09 20:30:08] HTTP: POST /api/orders 201 252 - 891.528 ms
[2025-10-09 20:30:08] INFO: 📧 Sending email to: engmohammadalawad@gmail.com | Subject: Order Confirmation
[2025-10-09 20:30:10] INFO: ✅ Email sent successfully to engmohammadalawad@gmail.com
[2025-10-09 20:35:05] INFO: ✅ Application started successfully
[2025-10-09 20:35:05] INFO: ✅ Redis connected successfully
[2025-10-09 20:35:13] INFO: ✅ Application started successfully
[2025-10-09 20:35:13] INFO: ✅ Redis connected successfully
[2025-10-09 20:35:47] ERROR: Cart is empty - POST /api/orders
[2025-10-09 20:35:47] HTTP: POST /api/orders 500 131 - 303.147 ms
[2025-10-09 20:40:42] INFO: ✅ Redis connected successfully
[2025-10-09 20:45:24] INFO: ✅ Application started successfully
[2025-10-09 20:45:24] INFO: ✅ Redis connected successfully
[2025-10-12 15:12:25] INFO: ✅ Application started successfully
[2025-10-12 15:12:26] INFO: ✅ Redis connected successfully
[2025-10-12 15:13:54] ERROR: Unexpected token '"', ""{\n  \"na"... is not valid JSON - POST /api/users/register
[2025-10-12 15:13:54] ERROR: Unexpected token '"', ""{\n  \"na"... is not valid JSON - POST /api/users/register
[2025-10-12 15:17:13] INFO: ✅ Application started successfully
[2025-10-12 15:17:13] INFO: ✅ Redis connected successfully
[2025-10-12 15:25:34] HTTP: POST /api/users/register 201 526 - 15375.624 ms
[2025-10-12 15:29:08] HTTP: POST /api/users/register 201 539 - 3144.957 ms
[2025-10-12 15:30:38] HTTP: POST /api/users/register 201 530 - 5912.112 ms
[2025-10-12 15:40:35] HTTP: POST /api/users/login 200 676 - 148.677 ms
[2025-10-12 15:44:25] INFO: ✅ Application started successfully
[2025-10-12 15:44:25] INFO: ✅ Redis connected successfully
[2025-10-12 15:45:02] INFO: ✅ Application started successfully
[2025-10-12 15:45:02] INFO: ✅ Redis connected successfully
[2025-10-12 15:45:41] INFO: ✅ Application started successfully
[2025-10-12 15:45:41] INFO: ✅ Redis connected successfully
[2025-10-12 15:49:04] HTTP: POST /api/users/register 201 530 - 4515.208 ms
[2025-10-12 15:52:52] HTTP: POST /api/users/register 201 536 - 2737.203 ms
[2025-10-12 15:54:53] INFO: ✅ Application started successfully
[2025-10-12 15:54:53] INFO: ✅ Redis connected successfully
[2025-10-12 15:55:13] HTTP: POST /api/users/register 201 536 - 5395.283 ms
[2025-10-12 15:55:35] INFO: ✅ Application started successfully
[2025-10-12 15:55:35] INFO: ✅ Redis connected successfully
[2025-10-12 15:55:37] HTTP: GET /api/users/verify-email/862b68472168adf36fb4a3c2926bf3e99e052ffb4e931278bdfe2420e7668aee 200 423 - 213.019 ms
[2025-10-12 15:55:37] HTTP: GET /api/users/verify-email/862b68472168adf36fb4a3c2926bf3e99e052ffb4e931278bdfe2420e7668aee 200 101 - 28.121 ms
[2025-10-12 16:37:28] INFO: ✅ Application started successfully
[2025-10-12 16:37:28] INFO: ✅ Redis connected successfully
[2025-10-12 16:41:59] INFO: ✅ Application started successfully
[2025-10-12 16:41:59] INFO: ✅ Redis connected successfully
[2025-10-12 16:42:11] INFO: ✅ Application started successfully
[2025-10-12 16:42:11] INFO: ✅ Redis connected successfully
[2025-10-12 16:42:46] INFO: ✅ Application started successfully
[2025-10-12 16:42:46] INFO: ✅ Redis connected successfully
[2025-10-12 16:43:50] INFO: ✅ Application started successfully
[2025-10-12 16:43:50] INFO: ✅ Redis connected successfully
[2025-10-12 16:44:55] INFO: ✅ Application started successfully
[2025-10-12 16:44:55] INFO: ✅ Redis connected successfully
[2025-10-12 16:46:35] INFO: ✅ Application started successfully
[2025-10-12 16:46:35] INFO: ✅ Redis connected successfully
[2025-10-12 16:47:22] INFO: ✅ Application started successfully
[2025-10-12 16:47:22] INFO: ✅ Redis connected successfully
[2025-10-12 16:49:38] INFO: ✅ Application started successfully
[2025-10-12 16:49:39] INFO: ✅ Redis connected successfully
[2025-10-12 16:50:25] INFO: ✅ Application started successfully
[2025-10-12 16:50:25] INFO: ✅ Redis connected successfully
[2025-10-12 16:50:48] INFO: ✅ Application started successfully
[2025-10-12 16:50:48] INFO: ✅ Redis connected successfully
[2025-10-13 15:30:58] INFO: ✅ Application started successfully
[2025-10-13 15:30:58] INFO: ✅ Redis connected successfully
[2025-10-13 15:37:09] HTTP: POST /api/users/register 201 530 - 6672.223 ms
[2025-10-13 15:40:22] HTTP: GET /api/users/verify-email/e5de951bb5e1e89ae979e75ab10aeaa41e4a715bf18298801a8dc091c59aa04e 200 417 - 177.744 ms
[2025-10-13 15:48:18] HTTP: POST /api/users/register 201 521 - 7079.949 ms
[2025-10-13 15:49:22] HTTP: GET /api/users/verify-email/c108c7ea18caf36ee67cb8fcc168fec57d2bf6a1dd72c0d5fc0e7c54d1f330b5 200 408 - 232.902 ms
[2025-10-13 15:50:46] HTTP: POST /api/users/register 201 521 - 2685.154 ms
[2025-10-13 15:51:00] HTTP: POST /api/users/register 201 523 - 3616.644 ms
[2025-10-13 15:51:16] HTTP: GET /api/users/verify-email/c108c7ea18caf36ee67cb8fcc168fec57d2bf6a1dd72c0d5fc0e7c54d1f330b5 404 97 - 63.005 ms
[2025-10-13 15:51:29] HTTP: GET /api/users/verify-email/47e99bfc5f26c9f122bbc7dae670d8ea96a2304b57320c314bb9da8d081a3148 200 410 - 110.613 ms
[2025-10-13 16:07:13] HTTP: POST /api/users/register 201 536 - 4336.341 ms
[2025-10-13 16:10:40] HTTP: GET /verify-email/f3e31992768a3c7e4be37de2904aef9bb48a087b0ecd8f0323390aadcce90d76 404 216 - 254.515 ms
[2025-10-13 16:11:31] HTTP: GET /verify-email/f3e31992768a3c7e4be37de2904aef9bb48a087b0ecd8f0323390aadcce90d76 404 216 - 1.381 ms
[2025-10-13 16:13:00] HTTP: GET /api/users/verify-email/f3e31992768a3c7e4be37de2904aef9bb48a087b0ecd8f0323390aadcce90d76 200 423 - 365.018 ms
[2025-10-13 16:16:08] HTTP: POST /api/users/resend-verification 404 87 - 89.648 ms
[2025-10-13 16:17:21] HTTP: POST /api/users/resend-verification 400 99 - 6.503 ms
[2025-10-13 16:19:01] HTTP: POST /api/users/register 201 536 - 2640.240 ms
[2025-10-13 17:33:45] INFO: ✅ Application started successfully
[2025-10-13 17:33:45] INFO: ✅ Redis connected successfully
[2025-10-13 17:39:40] HTTP: GET /api/users/verify-email/9f843a91cc096e55bcb2b4546da93193824e5da0b6adebb498556db66e45158b 403 86 - 268.578 ms
[2025-10-13 17:40:12] ERROR: No recipients defined - POST /api/users/resend-verification
[2025-10-13 17:40:12] HTTP: POST /api/users/resend-verification 500 139 - 1623.073 ms
[2025-10-13 17:51:49] HTTP: POST /api/users/resend-verification 404 87 - 283.606 ms
[2025-10-13 17:52:20] ERROR: No recipients defined - POST /api/users/resend-verification
[2025-10-13 17:52:20] HTTP: POST /api/users/resend-verification 500 139 - 5731.485 ms
[2025-10-13 18:01:20] INFO: ✅ Application started successfully
[2025-10-13 18:01:21] INFO: ✅ Redis connected successfully
[2025-10-13 18:01:37] ERROR: No recipients defined - POST /api/users/resend-verification
[2025-10-13 18:01:37] HTTP: POST /api/users/resend-verification 500 139 - 10012.689 ms
[2025-10-13 18:03:15] INFO: ✅ Application started successfully
[2025-10-13 18:03:15] INFO: ✅ Redis connected successfully
[2025-10-13 18:03:37] INFO: ✅ Application started successfully
[2025-10-13 18:03:37] INFO: ✅ Redis connected successfully
[2025-10-13 18:03:47] HTTP: POST /api/users/resend-verification 200 103 - 5539.912 ms
[2025-10-13 18:04:56] HTTP: GET /api/users/verify-email/95afa2cdec5a8e0d23cdf5e04906826009d8b1ccdc1cacfcd0a95e517967d7f6 200 423 - 553.909 ms
[2025-10-13 18:31:00] INFO: ✅ Application started successfully
[2025-10-13 18:31:00] INFO: ✅ Redis connected successfully
[2025-10-13 18:37:50] ERROR: 
Invalid `prisma.user.findUnique()` invocation:

{
  where: {
    email: undefined,
?   id?: Int,
?   AND?: UserWhereInput | UserWhereInput[],
?   OR?: UserWhereInput[],
?   NOT?: UserWhereInput | UserWhereInput[],
?   name?: StringFilter | String,
?   password?: StringFilter | String,
?   role?: EnumRoleFilter | Role,
?   createdAt?: DateTimeFilter | DateTime,
?   isVerified?: BoolFilter | Boolean,
?   verificationToken?: StringNullableFilter | String | Null,
?   verificationTokenExpires?: DateTimeNullableFilter | DateTime | Null,
?   resetPasswordToken?: StringNullableFilter | String | Null,
?   resetPasswordExpires?: DateTimeNullableFilter | DateTime | Null,
?   addresses?: AddressListRelationFilter,
?   orders?: OrderListRelationFilter,
?   cart?: CartNullableScalarRelationFilter | CartWhereInput | Null,
?   wishlist?: WishlistListRelationFilter,
?   reviews?: ReviewListRelationFilter
  }
}

Argument `where` of type UserWhereUniqueInput needs at least one of `id` or `email` arguments. Available options are marked with ?. - POST /api/users/request-password-reset
[2025-10-13 18:37:50] HTTP: POST /api/users/request-password-reset 500 1185 - 661.821 ms
[2025-10-13 18:38:08] HTTP: POST /api/users/request-password-reset 200 91 - 4811.673 ms
[2025-10-13 18:42:14] HTTP: POST /api/users/reset-password/0a860d26a85328fd4c9534c28cb7d4d0e79a0a49518e2aaee79363a4d1d1db09 200 91 - 653.014 ms
[2025-10-13 18:42:44] HTTP: POST /api/users/login 400 87 - 280.933 ms
[2025-10-13 18:43:00] HTTP: POST /api/users/login 200 602 - 583.418 ms
[2025-10-13 19:54:36] INFO: ✅ Application started successfully
[2025-10-13 19:54:36] INFO: ✅ Redis connected successfully
[2025-10-13 19:56:41] INFO: ✅ Application started successfully
[2025-10-13 19:56:41] INFO: ✅ Redis connected successfully
[2025-10-13 20:02:17] INFO: ✅ Application started successfully
[2025-10-13 20:02:17] INFO: ✅ Redis connected successfully
[2025-10-13 20:02:49] INFO: ✅ Application started successfully
[2025-10-13 20:02:50] INFO: ✅ Redis connected successfully
[2025-10-13 20:03:28] INFO: ✅ Application started successfully
[2025-10-13 20:03:29] INFO: ✅ Redis connected successfully
